2025-09-17 23:12:57,939:DEBUG:certbot._internal.main:certbot version: 5.0.0
2025-09-17 23:12:57,939:DEBUG:certbot._internal.main:Location of certbot entry point: /opt/homebrew/bin/certbot
2025-09-17 23:12:57,939:DEBUG:certbot._internal.main:Arguments: ['--manual', '--preferred-challenges', 'dns', '-d', 'tennisclubconnect.com', '-d', 'www.tennisclubconnect.com', '--config-dir', '/Users/davidhall/Desktop/Tennis Club Map/.letsencrypt/config', '--work-dir', '/Users/davidhall/Desktop/Tennis Club Map/.letsencrypt/work', '--logs-dir', '/Users/davidhall/Desktop/Tennis Club Map/.letsencrypt/logs', '--agree-tos', '--register-unsafely-without-email', '--no-eff-email']
2025-09-17 23:12:57,939:DEBUG:certbot._internal.main:Discovered plugins: PluginsRegistry(PluginEntryPoint#apache,PluginEntryPoint#dns-cloudflare,PluginEntryPoint#manual,PluginEntryPoint#nginx,PluginEntryPoint#null,PluginEntryPoint#standalone,PluginEntryPoint#webroot)
2025-09-17 23:12:57,951:DEBUG:certbot._internal.log:Root logging level set at 30
2025-09-17 23:12:57,952:DEBUG:certbot._internal.plugins.selection:Requested authenticator manual and installer None
2025-09-17 23:12:57,952:DEBUG:certbot._internal.plugins.selection:Single candidate plugin: * manual
Description: Manual configuration or run your own shell scripts
Interfaces: Authenticator, Plugin
Entry point: EntryPoint(name='manual', value='certbot._internal.plugins.manual:Authenticator', group='certbot.plugins')
Initialized: <certbot._internal.plugins.manual.Authenticator object at 0x1043b0ec0>
Prep: True
2025-09-17 23:12:57,952:DEBUG:certbot._internal.plugins.selection:Selected authenticator <certbot._internal.plugins.manual.Authenticator object at 0x1043b0ec0> and installer None
2025-09-17 23:12:57,952:INFO:certbot._internal.plugins.selection:Plugins selected: Authenticator manual, Installer None
2025-09-17 23:12:57,977:DEBUG:certbot._internal.main:Picked account: <Account(RegistrationResource(body=Registration(key=None, contact=(), agreement=None, status=None, terms_of_service_agreed=None, only_return_existing=None, external_account_binding=None), uri='https://acme-v02.api.letsencrypt.org/acme/acct/2667385941', new_authzr_uri=None, terms_of_service=None), eec344d1c72c66d8e206296eef692324, Meta(creation_dt=datetime.datetime(2025, 9, 17, 17, 38, 27, tzinfo=datetime.timezone.utc), creation_host='MacBook-Pro-Max.local', register_to_eff=None))>
2025-09-17 23:12:57,984:DEBUG:acme.client:Sending GET request to https://acme-v02.api.letsencrypt.org/directory.
2025-09-17 23:12:57,988:DEBUG:urllib3.connectionpool:Starting new HTTPS connection (1): acme-v02.api.letsencrypt.org:443
2025-09-17 23:12:58,422:DEBUG:urllib3.connectionpool:https://acme-v02.api.letsencrypt.org:443 "GET /directory HTTP/1.1" 200 995
2025-09-17 23:12:58,423:DEBUG:acme.client:Received response:
HTTP 200
Server: nginx
Date: Wed, 17 Sep 2025 22:12:58 GMT
Content-Type: application/json
Content-Length: 995
Connection: keep-alive
Cache-Control: public, max-age=0, no-cache
X-Frame-Options: DENY
Strict-Transport-Security: max-age=604800

{
  "a_1Mvz5QQg8": "https://community.letsencrypt.org/t/adding-random-entries-to-the-directory/33417",
  "keyChange": "https://acme-v02.api.letsencrypt.org/acme/key-change",
  "meta": {
    "caaIdentities": [
      "letsencrypt.org"
    ],
    "profiles": {
      "classic": "https://letsencrypt.org/docs/profiles#classic",
      "shortlived": "https://letsencrypt.org/docs/profiles#shortlived (not yet generally available)",
      "tlsserver": "https://letsencrypt.org/docs/profiles#tlsserver"
    },
    "termsOfService": "https://letsencrypt.org/documents/LE-SA-v1.5-February-24-2025.pdf",
    "website": "https://letsencrypt.org"
  },
  "newAccount": "https://acme-v02.api.letsencrypt.org/acme/new-acct",
  "newNonce": "https://acme-v02.api.letsencrypt.org/acme/new-nonce",
  "newOrder": "https://acme-v02.api.letsencrypt.org/acme/new-order",
  "renewalInfo": "https://acme-v02.api.letsencrypt.org/acme/renewal-info",
  "revokeCert": "https://acme-v02.api.letsencrypt.org/acme/revoke-cert"
}
2025-09-17 23:12:58,452:DEBUG:certbot._internal.renewal:Skipped ACME Renewal Info check because ari_retry_after 2025-09-18T05:12:12 is in the future
2025-09-17 23:12:58,453:INFO:certbot.ocsp:Cannot extract OCSP URI from /Users/davidhall/Desktop/Tennis Club Map/.letsencrypt/config/archive/tennisclubconnect.com/cert2.pem
2025-09-17 23:12:58,453:DEBUG:certbot._internal.display.obj:Notifying user: Certificate not yet due for renewal
2025-09-17 23:13:25,365:INFO:certbot._internal.main:Keeping the existing certificate
2025-09-17 23:13:25,366:DEBUG:certbot._internal.display.obj:Notifying user: Certificate not yet due for renewal; no action taken.
